# JRE version: Java(TM) SE Runtime Environment (8.0_221-b11) (build 1.8.0_221-b11)
# Java VM: Java HotSpot(TM) 64-Bit Server VM (25.221-b11 mixed mode windows-amd64 compressed oops)
Heap:
 PSYoungGen      total 358912K, used 301813K [0x00000000e0000000, 0x00000000fca80000, 0x0000000100000000)
  eden space 307712K, 94% used [0x00000000e0000000,0x00000000f1ca05d0,0x00000000f2c80000)
  from space 51200K, 20% used [0x00000000f2c80000,0x00000000f369ce40,0x00000000f5e80000)
  to   space 48640K, 0% used [0x00000000f9b00000,0x00000000f9b00000,0x00000000fca80000)
 ParOldGen       total 235520K, used 86929K [0x00000000a0000000, 0x00000000ae600000, 0x00000000e0000000)
  object space 235520K, 36% used [0x00000000a0000000,0x00000000a54e4528,0x00000000ae600000)
 Metaspace       used 88361K, capacity 91934K, committed 93312K, reserved 1130496K
  class space    used 11795K, capacity 12520K, committed 12928K, reserved 1048576K
GC Heap History (10 events):
Event: 254.793 GC heap before
{Heap before GC invocations=21 (full 3):
 PSYoungGen      total 241152K, used 241149K [0x00000000e0000000, 0x00000000f6100000, 0x0000000100000000)
  eden space 203776K, 100% used [0x00000000e0000000,0x00000000ec700000,0x00000000ec700000)
  from space 37376K, 99% used [0x00000000ec700000,0x00000000eeb7f680,0x00000000eeb80000)
  to   space 53760K, 0% used [0x00000000f2c80000,0x00000000f2c80000,0x00000000f6100000)
 ParOldGen       total 140800K, used 101989K [0x00000000a0000000, 0x00000000a8980000, 0x00000000e0000000)
  object space 140800K, 72% used [0x00000000a0000000,0x00000000a6399610,0x00000000a8980000)
 Metaspace       used 87878K, capacity 92170K, committed 92416K, reserved 1128448K
  class space    used 11884K, capacity 12754K, committed 12800K, reserved 1048576K
Event: 254.934 GC heap after
Heap after GC invocations=21 (full 3):
 PSYoungGen      total 307712K, used 8981K [0x00000000e0000000, 0x00000000f5f80000, 0x0000000100000000)
  eden space 255488K, 0% used [0x00000000e0000000,0x00000000e0000000,0x00000000ef980000)
  from space 52224K, 17% used [0x00000000f2c80000,0x00000000f3545518,0x00000000f5f80000)
  to   space 52224K, 0% used [0x00000000ef980000,0x00000000ef980000,0x00000000f2c80000)
 ParOldGen       total 140800K, used 126464K [0x00000000a0000000, 0x00000000a8980000, 0x00000000e0000000)
  object space 140800K, 89% used [0x00000000a0000000,0x00000000a7b80170,0x00000000a8980000)
 Metaspace       used 87878K, capacity 92170K, committed 92416K, reserved 1128448K
  class space    used 11884K, capacity 12754K, committed 12800K, reserved 1048576K
}
Event: 254.935 GC heap before
{Heap before GC invocations=22 (full 4):
 PSYoungGen      total 307712K, used 8981K [0x00000000e0000000, 0x00000000f5f80000, 0x0000000100000000)
  eden space 255488K, 0% used [0x00000000e0000000,0x00000000e0000000,0x00000000ef980000)
  from space 52224K, 17% used [0x00000000f2c80000,0x00000000f3545518,0x00000000f5f80000)
  to   space 52224K, 0% used [0x00000000ef980000,0x00000000ef980000,0x00000000f2c80000)
 ParOldGen       total 140800K, used 126464K [0x00000000a0000000, 0x00000000a8980000, 0x00000000e0000000)
  object space 140800K, 89% used [0x00000000a0000000,0x00000000a7b80170,0x00000000a8980000)
 Metaspace       used 87878K, capacity 92170K, committed 92416K, reserved 1128448K
  class space    used 11884K, capacity 12754K, committed 12800K, reserved 1048576K
Event: 261.552 GC heap after
Heap after GC invocations=22 (full 4):
 PSYoungGen      total 307712K, used 0K [0x00000000e0000000, 0x00000000f5f80000, 0x0000000100000000)
  eden space 255488K, 0% used [0x00000000e0000000,0x00000000e0000000,0x00000000ef980000)
  from space 52224K, 0% used [0x00000000f2c80000,0x00000000f2c80000,0x00000000f5f80000)
  to   space 52224K, 0% used [0x00000000ef980000,0x00000000ef980000,0x00000000f2c80000)
 ParOldGen       total 235520K, used 84260K [0x00000000a0000000, 0x00000000ae600000, 0x00000000e0000000)
  object space 235520K, 35% used [0x00000000a0000000,0x00000000a52491c0,0x00000000ae600000)
 Metaspace       used 87253K, capacity 90590K, committed 92416K, reserved 1128448K
  class space    used 11665K, capacity 12370K, committed 12800K, reserved 1048576K
}
Event: 264.537 GC heap before
{Heap before GC invocations=23 (full 4):
 PSYoungGen      total 307712K, used 255488K [0x00000000e0000000, 0x00000000f5f80000, 0x0000000100000000)
  eden space 255488K, 100% used [0x00000000e0000000,0x00000000ef980000,0x00000000ef980000)
  from space 52224K, 0% used [0x00000000f2c80000,0x00000000f2c80000,0x00000000f5f80000)
  to   space 52224K, 0% used [0x00000000ef980000,0x00000000ef980000,0x00000000f2c80000)
 ParOldGen       total 235520K, used 84260K [0x00000000a0000000, 0x00000000ae600000, 0x00000000e0000000)
  object space 235520K, 35% used [0x00000000a0000000,0x00000000a52491c0,0x00000000ae600000)
 Metaspace       used 87652K, capacity 91108K, committed 92800K, reserved 1128448K
  class space    used 11713K, capacity 12445K, committed 12928K, reserved 1048576K
Event: 264.550 GC heap after
Heap after GC invocations=23 (full 4):
 PSYoungGen      total 307712K, used 2048K [0x00000000e0000000, 0x00000000f9800000, 0x0000000100000000)
  eden space 255488K, 0% used [0x00000000e0000000,0x00000000e0000000,0x00000000ef980000)
  from space 52224K, 3% used [0x00000000ef980000,0x00000000efb80010,0x00000000f2c80000)
  to   space 52224K, 0% used [0x00000000f6500000,0x00000000f6500000,0x00000000f9800000)
 ParOldGen       total 235520K, used 84268K [0x00000000a0000000, 0x00000000ae600000, 0x00000000e0000000)
  object space 235520K, 35% used [0x00000000a0000000,0x00000000a524b1c0,0x00000000ae600000)
 Metaspace       used 87652K, capacity 91108K, committed 92800K, reserved 1128448K
  class space    used 11713K, capacity 12445K, committed 12928K, reserved 1048576K
}
Event: 265.522 GC heap before
{Heap before GC invocations=24 (full 4):
 PSYoungGen      total 307712K, used 257536K [0x00000000e0000000, 0x00000000f9800000, 0x0000000100000000)
  eden space 255488K, 100% used [0x00000000e0000000,0x00000000ef980000,0x00000000ef980000)
  from space 52224K, 3% used [0x00000000ef980000,0x00000000efb80010,0x00000000f2c80000)
  to   space 52224K, 0% used [0x00000000f6500000,0x00000000f6500000,0x00000000f9800000)
 ParOldGen       total 235520K, used 84268K [0x00000000a0000000, 0x00000000ae600000, 0x00000000e0000000)
  object space 235520K, 35% used [0x00000000a0000000,0x00000000a524b1c0,0x00000000ae600000)
 Metaspace       used 87756K, capacity 91192K, committed 92800K, reserved 1128448K
  class space    used 11725K, capacity 12447K, committed 12928K, reserved 1048576K
Event: 265.530 GC heap after
Heap after GC invocations=24 (full 4):
 PSYoungGen      total 352256K, used 1664K [0x00000000e0000000, 0x00000000f9080000, 0x0000000100000000)
  eden space 307712K, 0% used [0x00000000e0000000,0x00000000e0000000,0x00000000f2c80000)
  from space 44544K, 3% used [0x00000000f6500000,0x00000000f66a0000,0x00000000f9080000)
  to   space 51200K, 0% used [0x00000000f2c80000,0x00000000f2c80000,0x00000000f5e80000)
 ParOldGen       total 235520K, used 85540K [0x00000000a0000000, 0x00000000ae600000, 0x00000000e0000000)
  object space 235520K, 36% used [0x00000000a0000000,0x00000000a53891d0,0x00000000ae600000)
 Metaspace       used 87756K, capacity 91192K, committed 92800K, reserved 1128448K
  class space    used 11725K, capacity 12447K, committed 12928K, reserved 1048576K
}
Event: 267.387 GC heap before
{Heap before GC invocations=25 (full 4):
 PSYoungGen      total 352256K, used 309376K [0x00000000e0000000, 0x00000000f9080000, 0x0000000100000000)
  eden space 307712K, 100% used [0x00000000e0000000,0x00000000f2c80000,0x00000000f2c80000)
  from space 44544K, 3% used [0x00000000f6500000,0x00000000f66a0000,0x00000000f9080000)
  to   space 51200K, 0% used [0x00000000f2c80000,0x00000000f2c80000,0x00000000f5e80000)
 ParOldGen       total 235520K, used 85540K [0x00000000a0000000, 0x00000000ae600000, 0x00000000e0000000)
  object space 235520K, 36% used [0x00000000a0000000,0x00000000a53891d0,0x00000000ae600000)
 Metaspace       used 88301K, capacity 91868K, committed 93312K, reserved 1130496K
  class space    used 11794K, capacity 12519K, committed 12928K, reserved 1048576K
Event: 267.460 GC heap after
Heap after GC invocations=25 (full 4):
 PSYoungGen      total 358912K, used 10355K [0x00000000e0000000, 0x00000000fca80000, 0x0000000100000000)
  eden space 307712K, 0% used [0x00000000e0000000,0x00000000e0000000,0x00000000f2c80000)
  from space 51200K, 20% used [0x00000000f2c80000,0x00000000f369ce40,0x00000000f5e80000)
  to   space 48640K, 0% used [0x00000000f9b00000,0x00000000f9b00000,0x00000000fca80000)
 ParOldGen       total 235520K, used 86929K [0x00000000a0000000, 0x00000000ae600000, 0x00000000e0000000)
  object space 235520K, 36% used [0x00000000a0000000,0x00000000a54e4528,0x00000000ae600000)
 Metaspace       used 88301K, capacity 91868K, committed 93312K, reserved 1130496K
  class space    used 11794K, capacity 12519K, committed 12928K, reserved 1048576K
}

