# JRE version: Java(TM) SE Runtime Environment (8.0_221-b11) (build 1.8.0_221-b11)
# Java VM: Java HotSpot(TM) 64-Bit Server VM (25.221-b11 mixed mode windows-amd64 compressed oops)
Heap:
 PSYoungGen      total 233984K, used 101848K [0x00000000e0000000, 0x00000000f0100000, 0x0000000100000000)
  eden space 204800K, 42% used [0x00000000e0000000,0x00000000e55978b0,0x00000000ec800000)
  from space 29184K, 48% used [0x00000000ec800000,0x00000000ed5de948,0x00000000ee480000)
  to   space 28160K, 0% used [0x00000000ee580000,0x00000000ee580000,0x00000000f0100000)
 ParOldGen       total 316928K, used 59051K [0x00000000a0000000, 0x00000000b3580000, 0x00000000e0000000)
  object space 316928K, 18% used [0x00000000a0000000,0x00000000a39aae90,0x00000000b3580000)
 Metaspace       used 99244K, capacity 105908K, committed 106152K, reserved 1140736K
  class space    used 12797K, capacity 13901K, committed 13992K, reserved 1048576K
GC Heap History (10 events):
Event: 21745.431 GC heap before
{Heap before GC invocations=91 (full 4):
 PSYoungGen      total 227840K, used 223133K [0x00000000e0000000, 0x00000000efe00000, 0x0000000100000000)
  eden space 202240K, 100% used [0x00000000e0000000,0x00000000ec580000,0x00000000ec580000)
  from space 25600K, 81% used [0x00000000ee000000,0x00000000ef4677e0,0x00000000ef900000)
  to   space 27136K, 0% used [0x00000000ec580000,0x00000000ec580000,0x00000000ee000000)
 ParOldGen       total 316928K, used 57587K [0x00000000a0000000, 0x00000000b3580000, 0x00000000e0000000)
  object space 316928K, 18% used [0x00000000a0000000,0x00000000a383cc60,0x00000000b3580000)
 Metaspace       used 99040K, capacity 105652K, committed 105896K, reserved 1140736K
  class space    used 12797K, capacity 13901K, committed 13992K, reserved 1048576K
Event: 21745.500 GC heap after
Heap after GC invocations=91 (full 4):
 PSYoungGen      total 229376K, used 27120K [0x00000000e0000000, 0x00000000f0380000, 0x0000000100000000)
  eden space 202240K, 0% used [0x00000000e0000000,0x00000000e0000000,0x00000000ec580000)
  from space 27136K, 99% used [0x00000000ec580000,0x00000000edffc108,0x00000000ee000000)
  to   space 30720K, 0% used [0x00000000ee580000,0x00000000ee580000,0x00000000f0380000)
 ParOldGen       total 316928K, used 58675K [0x00000000a0000000, 0x00000000b3580000, 0x00000000e0000000)
  object space 316928K, 18% used [0x00000000a0000000,0x00000000a394ce90,0x00000000b3580000)
 Metaspace       used 99040K, capacity 105652K, committed 105896K, reserved 1140736K
  class space    used 12797K, capacity 13901K, committed 13992K, reserved 1048576K
}
Event: 21961.288 GC heap before
{Heap before GC invocations=92 (full 4):
 PSYoungGen      total 229376K, used 229360K [0x00000000e0000000, 0x00000000f0380000, 0x0000000100000000)
  eden space 202240K, 100% used [0x00000000e0000000,0x00000000ec580000,0x00000000ec580000)
  from space 27136K, 99% used [0x00000000ec580000,0x00000000edffc108,0x00000000ee000000)
  to   space 30720K, 0% used [0x00000000ee580000,0x00000000ee580000,0x00000000f0380000)
 ParOldGen       total 316928K, used 58675K [0x00000000a0000000, 0x00000000b3580000, 0x00000000e0000000)
  object space 316928K, 18% used [0x00000000a0000000,0x00000000a394ce90,0x00000000b3580000)
 Metaspace       used 99115K, capacity 105716K, committed 105896K, reserved 1140736K
  class space    used 12797K, capacity 13901K, committed 13992K, reserved 1048576K
Event: 21961.310 GC heap after
Heap after GC invocations=92 (full 4):
 PSYoungGen      total 231936K, used 17253K [0x00000000e0000000, 0x00000000f0100000, 0x0000000100000000)
  eden space 203776K, 0% used [0x00000000e0000000,0x00000000e0000000,0x00000000ec700000)
  from space 28160K, 61% used [0x00000000ee580000,0x00000000ef6594a0,0x00000000f0100000)
  to   space 29696K, 0% used [0x00000000ec700000,0x00000000ec700000,0x00000000ee400000)
 ParOldGen       total 316928K, used 58819K [0x00000000a0000000, 0x00000000b3580000, 0x00000000e0000000)
  object space 316928K, 18% used [0x00000000a0000000,0x00000000a3970e90,0x00000000b3580000)
 Metaspace       used 99115K, capacity 105716K, committed 105896K, reserved 1140736K
  class space    used 12797K, capacity 13901K, committed 13992K, reserved 1048576K
}
Event: 22322.818 GC heap before
{Heap before GC invocations=93 (full 4):
 PSYoungGen      total 231936K, used 221029K [0x00000000e0000000, 0x00000000f0100000, 0x0000000100000000)
  eden space 203776K, 100% used [0x00000000e0000000,0x00000000ec700000,0x00000000ec700000)
  from space 28160K, 61% used [0x00000000ee580000,0x00000000ef6594a0,0x00000000f0100000)
  to   space 29696K, 0% used [0x00000000ec700000,0x00000000ec700000,0x00000000ee400000)
 ParOldGen       total 316928K, used 58819K [0x00000000a0000000, 0x00000000b3580000, 0x00000000e0000000)
  object space 316928K, 18% used [0x00000000a0000000,0x00000000a3970e90,0x00000000b3580000)
 Metaspace       used 99149K, capacity 105716K, committed 105896K, reserved 1140736K
  class space    used 12797K, capacity 13901K, committed 13992K, reserved 1048576K
Event: 22322.837 GC heap after
Heap after GC invocations=93 (full 4):
 PSYoungGen      total 233472K, used 12004K [0x00000000e0000000, 0x00000000f0100000, 0x0000000100000000)
  eden space 203776K, 0% used [0x00000000e0000000,0x00000000e0000000,0x00000000ec700000)
  from space 29696K, 40% used [0x00000000ec700000,0x00000000ed2b93a8,0x00000000ee400000)
  to   space 29184K, 0% used [0x00000000ee480000,0x00000000ee480000,0x00000000f0100000)
 ParOldGen       total 316928K, used 58819K [0x00000000a0000000, 0x00000000b3580000, 0x00000000e0000000)
  object space 316928K, 18% used [0x00000000a0000000,0x00000000a3970e90,0x00000000b3580000)
 Metaspace       used 99149K, capacity 105716K, committed 105896K, reserved 1140736K
  class space    used 12797K, capacity 13901K, committed 13992K, reserved 1048576K
}
Event: 22325.154 GC heap before
{Heap before GC invocations=94 (full 4):
 PSYoungGen      total 233472K, used 215579K [0x00000000e0000000, 0x00000000f0100000, 0x0000000100000000)
  eden space 203776K, 99% used [0x00000000e0000000,0x00000000ec6cdba8,0x00000000ec700000)
  from space 29696K, 40% used [0x00000000ec700000,0x00000000ed2b93a8,0x00000000ee400000)
  to   space 29184K, 0% used [0x00000000ee480000,0x00000000ee480000,0x00000000f0100000)
 ParOldGen       total 316928K, used 58819K [0x00000000a0000000, 0x00000000b3580000, 0x00000000e0000000)
  object space 316928K, 18% used [0x00000000a0000000,0x00000000a3970e90,0x00000000b3580000)
 Metaspace       used 99199K, capacity 105780K, committed 105896K, reserved 1140736K
  class space    used 12797K, capacity 13901K, committed 13992K, reserved 1048576K
Event: 22325.179 GC heap after
Heap after GC invocations=94 (full 4):
 PSYoungGen      total 233984K, used 19494K [0x00000000e0000000, 0x00000000f0280000, 0x0000000100000000)
  eden space 204800K, 0% used [0x00000000e0000000,0x00000000e0000000,0x00000000ec800000)
  from space 29184K, 66% used [0x00000000ee480000,0x00000000ef789a28,0x00000000f0100000)
  to   space 29184K, 0% used [0x00000000ec800000,0x00000000ec800000,0x00000000ee480000)
 ParOldGen       total 316928K, used 58883K [0x00000000a0000000, 0x00000000b3580000, 0x00000000e0000000)
  object space 316928K, 18% used [0x00000000a0000000,0x00000000a3980e90,0x00000000b3580000)
 Metaspace       used 99199K, capacity 105780K, committed 105896K, reserved 1140736K
  class space    used 12797K, capacity 13901K, committed 13992K, reserved 1048576K
}
Event: 27626.235 GC heap before
{Heap before GC invocations=95 (full 4):
 PSYoungGen      total 233984K, used 224294K [0x00000000e0000000, 0x00000000f0280000, 0x0000000100000000)
  eden space 204800K, 100% used [0x00000000e0000000,0x00000000ec800000,0x00000000ec800000)
  from space 29184K, 66% used [0x00000000ee480000,0x00000000ef789a28,0x00000000f0100000)
  to   space 29184K, 0% used [0x00000000ec800000,0x00000000ec800000,0x00000000ee480000)
 ParOldGen       total 316928K, used 58883K [0x00000000a0000000, 0x00000000b3580000, 0x00000000e0000000)
  object space 316928K, 18% used [0x00000000a0000000,0x00000000a3980e90,0x00000000b3580000)
 Metaspace       used 99235K, capacity 105844K, committed 106152K, reserved 1140736K
  class space    used 12797K, capacity 13901K, committed 13992K, reserved 1048576K
Event: 27626.568 GC heap after
Heap after GC invocations=95 (full 4):
 PSYoungGen      total 233984K, used 14202K [0x00000000e0000000, 0x00000000f0100000, 0x0000000100000000)
  eden space 204800K, 0% used [0x00000000e0000000,0x00000000e0000000,0x00000000ec800000)
  from space 29184K, 48% used [0x00000000ec800000,0x00000000ed5de948,0x00000000ee480000)
  to   space 28160K, 0% used [0x00000000ee580000,0x00000000ee580000,0x00000000f0100000)
 ParOldGen       total 316928K, used 59051K [0x00000000a0000000, 0x00000000b3580000, 0x00000000e0000000)
  object space 316928K, 18% used [0x00000000a0000000,0x00000000a39aae90,0x00000000b3580000)
 Metaspace       used 99235K, capacity 105844K, committed 106152K, reserved 1140736K
  class space    used 12797K, capacity 13901K, committed 13992K, reserved 1048576K
}

